<?xml version="1.0" encoding="UTF-8"?>
<testng-results ignored="0" total="1" passed="1" failed="0" skipped="0">
  <reporter-output>
  </reporter-output>
  <suite started-at="2024-10-21T19:21:09 GMT+03:00" name="Default suite" finished-at="2024-10-21T19:21:22 GMT+03:00" duration-ms="12786">
    <groups>
    </groups>
    <test started-at="2024-10-21T19:21:09 GMT+03:00" name="Default test" finished-at="2024-10-21T19:21:22 GMT+03:00" duration-ms="12786">
      <class name="MyTestCase">
        <test-method is-config="true" signature="MySetUp()[pri:0, instance:MyTestCase@299321e2]" started-at="2024-10-21T19:21:09 GMT+03:00" name="MySetUp" finished-at="2024-10-21T19:21:18 GMT+03:00" duration-ms="9119" status="PASS">
          <reporter-output>
          </reporter-output>
        </test-method> <!-- MySetUp -->
        <test-method signature="SignUp()[pri:1, instance:MyTestCase@299321e2]" started-at="2024-10-21T19:21:18 GMT+03:00" name="SignUp" finished-at="2024-10-21T19:21:22 GMT+03:00" duration-ms="3637" status="PASS">
          <reporter-output>
          </reporter-output>
        </test-method> <!-- SignUp -->
      </class> <!-- MyTestCase -->
    </test> <!-- Default test -->
  </suite> <!-- Default suite -->
</testng-results>
